# JRE version: OpenJDK Runtime Environment Temurin-23.0.1+11 (23.0.1+11) (build 23.0.1+11)
# Java VM: OpenJDK 64-Bit Server VM Temurin-23.0.1+11 (23.0.1+11, mixed mode, sharing, tiered, compressed oops, compressed class ptrs, g1 gc, windows-amd64)
GC Precious Log:
 CardTable entry size: 512
 Card Set container configuration: InlinePtr #cards 5 size 8 Array Of Cards #cards 10 size 36 Howl #buckets 4 coarsen threshold 1843 Howl Bitmap #cards 512 size 80 coarsen threshold 460 Card regions per heap region 1 cards per card region 2048
 CPUs: 4 total, 4 available
 Memory: 8071M
 Large Page Support: Disabled
 NUMA Support: Disabled
 Compressed Oops: Enabled (32-bit)
 Heap Region Size: 1M
 Heap Min Capacity: 8M
 Heap Initial Capacity: 128M
 Heap Max Capacity: 2018M
 Pre-touch: Disabled
 Parallel Workers: 4
 Concurrent Workers: 1
 Concurrent Refinement Workers: 4
 Periodic GC: Disabled
Heap:
 garbage-first heap   total reserved 2066432K, committed 61440K, used 37650K [0x0000000081e00000, 0x0000000100000000)
  region size 1024K, 17 young (17408K), 1 survivors (1024K)
 Metaspace       used 52263K, committed 52864K, reserved 1114112K
  class space    used 6789K, committed 7104K, reserved 1048576K
GC Heap History (20 events):
Event: 19742.681 GC heap before
{Heap before GC invocations=55 (full 0):
 garbage-first heap   total reserved 2066432K, committed 61440K, used 55197K [0x0000000081e00000, 0x0000000100000000)
  region size 1024K, 34 young (34816K), 1 survivors (1024K)
 Metaspace       used 51371K, committed 51968K, reserved 1114112K
  class space    used 6773K, committed 7104K, reserved 1048576K
}
Event: 19742.724 GC heap after
{Heap after GC invocations=56 (full 0):
 garbage-first heap   total reserved 2066432K, committed 61440K, used 22297K [0x0000000081e00000, 0x0000000100000000)
  region size 1024K, 1 young (1024K), 1 survivors (1024K)
 Metaspace       used 51371K, committed 51968K, reserved 1114112K
  class space    used 6773K, committed 7104K, reserved 1048576K
}
Event: 20322.636 GC heap before
{Heap before GC invocations=57 (full 0):
 garbage-first heap   total reserved 2066432K, committed 61440K, used 55065K [0x0000000081e00000, 0x0000000100000000)
  region size 1024K, 34 young (34816K), 1 survivors (1024K)
 Metaspace       used 51435K, committed 52032K, reserved 1114112K
  class space    used 6773K, committed 7104K, reserved 1048576K
}
Event: 20322.681 GC heap after
{Heap after GC invocations=58 (full 0):
 garbage-first heap   total reserved 2066432K, committed 61440K, used 22342K [0x0000000081e00000, 0x0000000100000000)
  region size 1024K, 1 young (1024K), 1 survivors (1024K)
 Metaspace       used 51435K, committed 52032K, reserved 1114112K
  class space    used 6773K, committed 7104K, reserved 1048576K
}
Event: 20962.614 GC heap before
{Heap before GC invocations=58 (full 0):
 garbage-first heap   total reserved 2066432K, committed 61440K, used 55110K [0x0000000081e00000, 0x0000000100000000)
  region size 1024K, 34 young (34816K), 1 survivors (1024K)
 Metaspace       used 51473K, committed 52032K, reserved 1114112K
  class space    used 6773K, committed 7104K, reserved 1048576K
}
Event: 20962.667 GC heap after
{Heap after GC invocations=59 (full 0):
 garbage-first heap   total reserved 2066432K, committed 61440K, used 22187K [0x0000000081e00000, 0x0000000100000000)
  region size 1024K, 1 young (1024K), 1 survivors (1024K)
 Metaspace       used 51473K, committed 52032K, reserved 1114112K
  class space    used 6773K, committed 7104K, reserved 1048576K
}
Event: 21521.659 GC heap before
{Heap before GC invocations=59 (full 0):
 garbage-first heap   total reserved 2066432K, committed 61440K, used 54955K [0x0000000081e00000, 0x0000000100000000)
  region size 1024K, 34 young (34816K), 1 survivors (1024K)
 Metaspace       used 51563K, committed 52160K, reserved 1114112K
  class space    used 6773K, committed 7104K, reserved 1048576K
}
Event: 21521.712 GC heap after
{Heap after GC invocations=60 (full 0):
 garbage-first heap   total reserved 2066432K, committed 61440K, used 22227K [0x0000000081e00000, 0x0000000100000000)
  region size 1024K, 1 young (1024K), 1 survivors (1024K)
 Metaspace       used 51563K, committed 52160K, reserved 1114112K
  class space    used 6773K, committed 7104K, reserved 1048576K
}
Event: 22112.302 GC heap before
{Heap before GC invocations=61 (full 0):
 garbage-first heap   total reserved 2066432K, committed 61440K, used 54995K [0x0000000081e00000, 0x0000000100000000)
  region size 1024K, 34 young (34816K), 1 survivors (1024K)
 Metaspace       used 51691K, committed 52288K, reserved 1114112K
  class space    used 6773K, committed 7104K, reserved 1048576K
}
Event: 22112.357 GC heap after
{Heap after GC invocations=62 (full 0):
 garbage-first heap   total reserved 2066432K, committed 61440K, used 22263K [0x0000000081e00000, 0x0000000100000000)
  region size 1024K, 1 young (1024K), 1 survivors (1024K)
 Metaspace       used 51691K, committed 52288K, reserved 1114112K
  class space    used 6773K, committed 7104K, reserved 1048576K
}
Event: 22622.214 GC heap before
{Heap before GC invocations=62 (full 0):
 garbage-first heap   total reserved 2066432K, committed 61440K, used 55031K [0x0000000081e00000, 0x0000000100000000)
  region size 1024K, 34 young (34816K), 1 survivors (1024K)
 Metaspace       used 51732K, committed 52288K, reserved 1114112K
  class space    used 6773K, committed 7104K, reserved 1048576K
}
Event: 22622.382 GC heap after
{Heap after GC invocations=63 (full 0):
 garbage-first heap   total reserved 2066432K, committed 61440K, used 22158K [0x0000000081e00000, 0x0000000100000000)
  region size 1024K, 1 young (1024K), 1 survivors (1024K)
 Metaspace       used 51732K, committed 52288K, reserved 1114112K
  class space    used 6773K, committed 7104K, reserved 1048576K
}
Event: 23322.150 GC heap before
{Heap before GC invocations=63 (full 0):
 garbage-first heap   total reserved 2066432K, committed 61440K, used 54926K [0x0000000081e00000, 0x0000000100000000)
  region size 1024K, 34 young (34816K), 1 survivors (1024K)
 Metaspace       used 51814K, committed 52416K, reserved 1114112K
  class space    used 6788K, committed 7104K, reserved 1048576K
}
Event: 23322.195 GC heap after
{Heap after GC invocations=64 (full 0):
 garbage-first heap   total reserved 2066432K, committed 61440K, used 22221K [0x0000000081e00000, 0x0000000100000000)
  region size 1024K, 1 young (1024K), 1 survivors (1024K)
 Metaspace       used 51814K, committed 52416K, reserved 1114112K
  class space    used 6788K, committed 7104K, reserved 1048576K
}
Event: 23962.083 GC heap before
{Heap before GC invocations=65 (full 0):
 garbage-first heap   total reserved 2066432K, committed 61440K, used 54989K [0x0000000081e00000, 0x0000000100000000)
  region size 1024K, 34 young (34816K), 1 survivors (1024K)
 Metaspace       used 51832K, committed 52416K, reserved 1114112K
  class space    used 6788K, committed 7104K, reserved 1048576K
}
Event: 23962.109 GC heap after
{Heap after GC invocations=66 (full 0):
 garbage-first heap   total reserved 2066432K, committed 61440K, used 22363K [0x0000000081e00000, 0x0000000100000000)
  region size 1024K, 1 young (1024K), 1 survivors (1024K)
 Metaspace       used 51832K, committed 52416K, reserved 1114112K
  class space    used 6788K, committed 7104K, reserved 1048576K
}
Event: 24632.031 GC heap before
{Heap before GC invocations=66 (full 0):
 garbage-first heap   total reserved 2066432K, committed 61440K, used 55131K [0x0000000081e00000, 0x0000000100000000)
  region size 1024K, 34 young (34816K), 1 survivors (1024K)
 Metaspace       used 51867K, committed 52416K, reserved 1114112K
  class space    used 6788K, committed 7104K, reserved 1048576K
}
Event: 24632.078 GC heap after
{Heap after GC invocations=67 (full 0):
 garbage-first heap   total reserved 2066432K, committed 61440K, used 22206K [0x0000000081e00000, 0x0000000100000000)
  region size 1024K, 1 young (1024K), 1 survivors (1024K)
 Metaspace       used 51867K, committed 52416K, reserved 1114112K
  class space    used 6788K, committed 7104K, reserved 1048576K
}
Event: 25033.571 GC heap before
{Heap before GC invocations=67 (full 0):
 garbage-first heap   total reserved 2066432K, committed 61440K, used 54974K [0x0000000081e00000, 0x0000000100000000)
  region size 1024K, 34 young (34816K), 1 survivors (1024K)
 Metaspace       used 52011K, committed 52608K, reserved 1114112K
  class space    used 6788K, committed 7104K, reserved 1048576K
}
Event: 25033.602 GC heap after
{Heap after GC invocations=68 (full 0):
 garbage-first heap   total reserved 2066432K, committed 61440K, used 22290K [0x0000000081e00000, 0x0000000100000000)
  region size 1024K, 1 young (1024K), 1 survivors (1024K)
 Metaspace       used 52011K, committed 52608K, reserved 1114112K
  class space    used 6788K, committed 7104K, reserved 1048576K
}

